May 07 14:51:43 Installed: ncurses-base-6.0-8.20170212.amzn2.1.8.noarch
May 07 14:51:43 Installed: tzdata-2024a-1.amzn2.0.1.noarch
May 07 14:51:43 Installed: 1:system-release-2-16.amzn2.x86_64
May 07 14:51:43 Installed: setup-2.8.71-10.amzn2.0.1.noarch
May 07 14:51:44 Installed: filesystem-3.2-25.amzn2.0.4.x86_64
May 07 14:51:44 Installed: basesystem-10.0-7.amzn2.0.1.noarch
May 07 14:51:44 Installed: glibc-minimal-langpack-2.26-64.amzn2.0.1.x86_64
May 07 14:51:44 Installed: libgcc-7.3.1-17.amzn2.x86_64
May 07 14:51:44 Installed: glibc-common-2.26-64.amzn2.0.1.x86_64
May 07 14:51:44 Installed: glibc-2.26-64.amzn2.0.1.x86_64
May 07 14:51:45 Installed: ncurses-libs-6.0-8.20170212.amzn2.1.8.x86_64
May 07 14:51:45 Installed: bash-4.2.46-34.amzn2.x86_64
May 07 14:51:45 Installed: libsepol-2.5-10.amzn2.0.1.x86_64
May 07 14:51:46 Installed: libstdc++-7.3.1-17.amzn2.x86_64
May 07 14:51:46 Installed: pcre-8.32-17.amzn2.0.3.x86_64
May 07 14:51:47 Installed: libselinux-2.5-12.amzn2.0.2.x86_64
May 07 14:51:47 Installed: libtasn1-4.10-1.amzn2.0.6.x86_64
May 07 14:51:48 Installed: libffi-3.0.13-18.amzn2.0.2.x86_64
May 07 14:51:48 Installed: p11-kit-0.23.22-1.amzn2.0.1.x86_64
May 07 14:51:48 Installed: popt-1.13-16.amzn2.0.2.x86_64
May 07 14:51:48 Installed: chkconfig-1.7.4-1.amzn2.0.2.x86_64
May 07 14:51:49 Installed: p11-kit-trust-0.23.22-1.amzn2.0.1.x86_64
May 07 14:51:50 Installed: ca-certificates-2023.2.64-1.amzn2.0.1.noarch
May 07 14:51:55 Installed: zlib-1.2.7-19.amzn2.0.3.x86_64
May 07 14:51:55 Installed: info-5.1-5.amzn2.x86_64
May 07 14:51:56 Installed: grep-2.20-3.amzn2.0.2.x86_64
May 07 14:51:56 Installed: nspr-4.35.0-1.amzn2.x86_64
May 07 14:51:57 Installed: libcom_err-1.42.9-19.amzn2.0.1.x86_64
May 07 14:51:57 Installed: fontpackages-filesystem-1.44-8.amzn2.noarch
May 07 14:51:57 Installed: libattr-2.4.46-12.amzn2.0.2.x86_64
May 07 14:51:58 Installed: libacl-2.2.51-14.amzn2.x86_64
May 07 14:51:58 Installed: dejavu-fonts-common-2.33-6.amzn2.noarch
May 07 14:51:58 Installed: dejavu-sans-fonts-2.33-6.amzn2.noarch
May 07 14:51:59 Installed: nss-util-3.90.0-1.amzn2.x86_64
May 07 14:51:59 Installed: gawk-4.0.2-4.amzn2.1.3.x86_64
May 07 14:52:00 Installed: sed-4.2.2-5.amzn2.0.2.x86_64
May 07 14:52:00 Installed: 2:libpng-1.5.13-8.amzn2.0.5.x86_64
May 07 14:52:00 Installed: ncurses-6.0-8.20170212.amzn2.1.8.x86_64
May 07 14:52:00 Installed: expat-2.1.0-15.amzn2.0.3.x86_64
May 07 14:52:01 Installed: 1:gmp-6.0.0-15.amzn2.0.3.x86_64
May 07 14:52:01 Installed: libverto-0.2.5-4.amzn2.0.2.x86_64
May 07 14:52:02 Installed: keyutils-libs-1.5.8-3.amzn2.0.2.x86_64
May 07 14:52:02 Installed: libcap-2.54-1.amzn2.0.2.x86_64
May 07 14:52:03 Installed: coreutils-8.22-24.amzn2.x86_64
May 07 14:52:04 Installed: 1:openssl-libs-1.0.2k-24.amzn2.0.12.x86_64
May 07 14:52:04 Installed: krb5-libs-1.15.1-55.amzn2.2.7.x86_64
May 07 14:52:05 Installed: bzip2-libs-1.0.6-13.amzn2.0.3.x86_64
May 07 14:52:05 Installed: freetype-2.8-14.amzn2.1.2.x86_64
May 07 14:52:06 Installed: libuuid-2.30.2-2.amzn2.0.11.x86_64
May 07 14:52:07 Installed: fontconfig-2.13.0-4.3.amzn2.x86_64
May 07 14:52:07 Installed: nss-softokn-freebl-3.90.0-6.amzn2.0.2.x86_64
May 07 14:52:09 Installed: glibc-all-langpacks-2.26-64.amzn2.0.1.x86_64
May 07 14:52:10 Installed: libicu-50.2-4.amzn2.0.1.x86_64
May 07 14:53:09 Installed: libdb-5.3.21-24.amzn2.0.5.x86_64
May 07 14:53:09 Installed: xz-libs-5.2.2-1.amzn2.0.3.x86_64
May 07 14:53:09 Installed: elfutils-libelf-0.176-2.amzn2.0.2.x86_64
May 07 14:53:10 Installed: libnghttp2-1.41.0-1.amzn2.0.5.x86_64
May 07 14:53:10 Installed: libunistring-0.9.3-9.amzn2.0.2.x86_64
May 07 14:53:11 Installed: libidn2-2.3.0-1.amzn2.0.3.x86_64
May 07 14:53:11 Installed: libssh2-1.4.3-12.amzn2.2.6.x86_64
May 07 14:53:12 Installed: readline-6.2-10.amzn2.0.2.x86_64
May 07 14:53:12 Installed: lua-5.1.4-15.amzn2.0.2.x86_64
May 07 14:53:12 Installed: sqlite-3.7.17-8.amzn2.1.2.x86_64
May 07 14:53:13 Installed: nss-softokn-3.90.0-6.amzn2.0.2.x86_64
May 07 14:53:13 Installed: nss-sysinit-3.90.0-2.amzn2.0.2.x86_64
May 07 14:53:13 Installed: nss-pem-1.0.3-5.amzn2.x86_64
May 07 14:53:13 Installed: nss-3.90.0-2.amzn2.0.2.x86_64
May 07 14:53:13 Installed: nss-tools-3.90.0-2.amzn2.0.2.x86_64
May 07 14:53:13 Installed: libdb-utils-5.3.21-24.amzn2.0.5.x86_64
May 07 14:53:14 Installed: 1:findutils-4.5.11-6.amzn2.x86_64
May 07 14:53:14 Installed: libcrypt-2.26-64.amzn2.0.1.x86_64
May 07 14:53:15 Installed: cyrus-sasl-lib-2.1.26-24.amzn2.x86_64
May 07 14:53:15 Installed: publicsuffix-list-dafsa-20240208-1.amzn2.0.1.noarch
May 07 14:53:15 Installed: libpsl-0.21.5-1.amzn2.x86_64
May 07 14:53:15 Installed: libcurl-8.3.0-1.amzn2.0.7.x86_64
May 07 14:53:16 Installed: rpm-libs-4.11.3-48.amzn2.0.4.x86_64
May 07 14:53:16 Installed: curl-8.3.0-1.amzn2.0.7.x86_64
May 07 14:53:16 Installed: rpm-4.11.3-48.amzn2.0.4.x86_64
May 07 14:53:16 Installed: openldap-2.4.44-25.amzn2.0.7.x86_64
May 07 14:53:16 Installed: libxml2-2.9.1-6.amzn2.5.13.x86_64
May 07 14:54:27 Installed: libgpg-error-1.12-3.amzn2.0.3.x86_64
May 07 14:54:27 Installed: libassuan-2.1.0-3.amzn2.0.2.x86_64
May 07 14:54:28 Installed: file-libs-5.11-36.amzn2.0.1.x86_64
May 07 14:54:28 Installed: libgcrypt-1.5.3-14.amzn2.0.3.x86_64
May 07 14:54:29 Installed: diffutils-3.3-5.amzn2.x86_64
May 07 14:54:29 Installed: 1:gdbm-1.13-6.amzn2.0.2.x86_64
May 07 14:54:30 Installed: python-libs-2.7.18-1.amzn2.0.8.x86_64
May 07 14:54:31 Installed: python-2.7.18-1.amzn2.0.8.x86_64
May 07 14:54:31 Installed: python-iniparse-0.4-9.amzn2.noarch
May 07 14:54:31 Installed: pyxattr-0.5.1-5.amzn2.0.2.x86_64
May 07 14:54:31 Installed: python-pycurl-7.19.0-19.amzn2.0.2.x86_64
May 07 14:54:31 Installed: python-urlgrabber-3.10-9.amzn2.0.1.noarch
May 07 14:54:31 Installed: pyliblzma-0.5.3-25.amzn2.x86_64
May 07 14:54:31 Installed: cpio-2.12-11.amzn2.0.1.x86_64
May 07 14:54:31 Installed: libblkid-2.30.2-2.amzn2.0.11.x86_64
May 07 14:54:32 Installed: libmount-2.30.2-2.amzn2.0.11.x86_64
May 07 14:54:33 Installed: glib2-2.56.1-9.amzn2.0.8.x86_64
May 07 14:54:33 Installed: shared-mime-info-1.8-4.amzn2.x86_64
May 07 14:54:33 Installed: yum-metadata-parser-1.1.4-10.amzn2.0.2.x86_64
May 07 14:54:34 Installed: pth-2.0.7-23.amzn2.0.2.x86_64
May 07 14:54:34 Installed: pinentry-0.8.1-17.amzn2.0.2.x86_64
May 07 14:54:35 Installed: gnupg2-2.0.22-5.amzn2.0.5.x86_64
May 07 14:54:35 Installed: rpm-build-libs-4.11.3-48.amzn2.0.4.x86_64
May 07 14:54:35 Installed: python2-rpm-4.11.3-48.amzn2.0.4.x86_64
May 07 14:54:36 Installed: gpgme-1.3.2-5.amzn2.0.2.x86_64
May 07 14:54:36 Installed: pygpgme-0.3-9.amzn2.0.3.x86_64
May 07 14:54:36 Installed: yum-3.4.3-158.amzn2.0.7.noarch
May 07 14:54:36 Installed: yum-plugin-ovl-1.1.31-46.amzn2.0.1.noarch
